shunJianMei/build/outputs/logs/manifest-merger-debug-report.txt
-- Merging decision tree log ---
manifest
ADDED from src\main\AndroidManifest.xml:2:1-382:12
	package
		ADDED from src\main\AndroidManifest.xml:4:5-34
		INJECTED from src\main\AndroidManifest.xml
		INJECTED from src\main\AndroidManifest.xml
	android:versionName
		ADDED from src\main\AndroidManifest.xml:6:5-31
		INJECTED from src\main\AndroidManifest.xml
		INJECTED from src\main\AndroidManifest.xml
	xmlns:tools
		ADDED from src\main\AndroidManifest.xml:3:5-51
	android:versionCode
		ADDED from src\main\AndroidManifest.xml:5:5-28
		INJECTED from src\main\AndroidManifest.xml
		INJECTED from src\main\AndroidManifest.xml
	xmlns:android
		ADDED from src\main\AndroidManifest.xml:2:11-69
uses-sdk
ADDED from src\main\AndroidManifest.xml:8:5-10:41
MERGED from [ShunJianMei:xUtils:unspecified] AndroidManifest.xml:7:5-9:41
MERGED from [ShunJianMei:ruitUtils:unspecified] AndroidManifest.xml:8:5-10:41
MERGED from [ShunJianMei:xUtils:unspecified] AndroidManifest.xml:7:5-9:41
MERGED from [ShunJianMei:uIComp:unspecified] AndroidManifest.xml:7:5-9:41
	android:targetSdkVersion
		ADDED from src\main\AndroidManifest.xml:10:9-38
		INJECTED from src\main\AndroidManifest.xml
		INJECTED from src\main\AndroidManifest.xml
	android:minSdkVersion
		ADDED from src\main\AndroidManifest.xml:9:9-35
		INJECTED from src\main\AndroidManifest.xml
		INJECTED from src\main\AndroidManifest.xml
uses-permission#android.permission.GET_TASKS
ADDED from src\main\AndroidManifest.xml:12:5-68
	android:name
		ADDED from src\main\AndroidManifest.xml:12:22-65
uses-permission#android.permission.INTERNET
ADDED from src\main\AndroidManifest.xml:13:5-67
	android:name
		ADDED from src\main\AndroidManifest.xml:13:22-64
uses-permission#android.permission.ACCESS_WIFI_STATE
ADDED from src\main\AndroidManifest.xml:14:5-76
	android:name
		ADDED from src\main\AndroidManifest.xml:14:22-73
uses-permission#android.permission.ACCESS_NETWORK_STATE
ADDED from src\main\AndroidManifest.xml:15:5-79
	android:name
		ADDED from src\main\AndroidManifest.xml:15:22-76
uses-permission#android.permission.CHANGE_WIFI_STATE
ADDED from src\main\AndroidManifest.xml:16:5-76
	android:name
		ADDED from src\main\AndroidManifest.xml:16:22-73
uses-permission#android.permission.WRITE_EXTERNAL_STORAGE
ADDED from src\main\AndroidManifest.xml:17:5-81
	android:name
		ADDED from src\main\AndroidManifest.xml:17:22-78
uses-permission#android.permission.READ_PHONE_STATE
ADDED from src\main\AndroidManifest.xml:18:5-75
	android:name
		ADDED from src\main\AndroidManifest.xml:18:22-72
uses-permission#android.permission.MANAGE_ACCOUNTS
ADDED from src\main\AndroidManifest.xml:19:5-74
	android:name
		ADDED from src\main\AndroidManifest.xml:19:22-71
uses-permission#android.permission.GET_ACCOUNTS
ADDED from src\main\AndroidManifest.xml:20:5-71
	android:name
		ADDED from src\main\AndroidManifest.xml:20:22-68
uses-permission#android.permission.CALL_PHONE
ADDED from src\main\AndroidManifest.xml:32:5-33:23
	android:name
		ADDED from src\main\AndroidManifest.xml:32:22-66
uses-permission#android.permission.ACCESS_COARSE_LOCATION
ADDED from src\main\AndroidManifest.xml:36:5-37:23
	android:name
		ADDED from src\main\AndroidManifest.xml:36:22-78
uses-permission#android.permission.ACCESS_FINE_LOCATION
ADDED from src\main\AndroidManifest.xml:39:5-40:23
	android:name
		ADDED from src\main\AndroidManifest.xml:39:22-76
uses-permission#android.permission.MOUNT_UNMOUNT_FILESYSTEMS
ADDED from src\main\AndroidManifest.xml:59:5-60:23
	android:name
		ADDED from src\main\AndroidManifest.xml:59:22-81
uses-permission#com.android.launcher.permission.READ_SETTINGS
ADDED from src\main\AndroidManifest.xml:61:5-85
	android:name
		ADDED from src\main\AndroidManifest.xml:61:22-82
permission#cc.ruit.shunjianmei.permission.JPUSH_MESSAGE
ADDED from src\main\AndroidManifest.xml:74:5-76:47
	android:protectionLevel
		ADDED from src\main\AndroidManifest.xml:76:9-44
	android:name
		ADDED from src\main\AndroidManifest.xml:75:9-68
uses-permission#cc.ruit.shunjianmei.permission.JPUSH_MESSAGE
ADDED from src\main\AndroidManifest.xml:78:5-84
	android:name
		ADDED from src\main\AndroidManifest.xml:78:22-81
uses-permission#android.permission.RECEIVE_USER_PRESENT
ADDED from src\main\AndroidManifest.xml:79:5-79
	android:name
		ADDED from src\main\AndroidManifest.xml:79:22-76
uses-permission#android.permission.WAKE_LOCK
ADDED from src\main\AndroidManifest.xml:81:5-68
	android:name
		ADDED from src\main\AndroidManifest.xml:81:22-65
uses-permission#android.permission.READ_EXTERNAL_STORAGE
ADDED from src\main\AndroidManifest.xml:84:5-80
	android:name
		ADDED from src\main\AndroidManifest.xml:84:22-77
uses-permission#android.permission.VIBRATE
ADDED from src\main\AndroidManifest.xml:85:5-66
	android:name
		ADDED from src\main\AndroidManifest.xml:85:22-63
uses-permission#android.permission.SYSTEM_ALERT_WINDOW
ADDED from src\main\AndroidManifest.xml:88:5-78
	android:name
		ADDED from src\main\AndroidManifest.xml:88:22-75
uses-permission#android.permission.WRITE_SETTINGS
ADDED from src\main\AndroidManifest.xml:89:5-73
	android:name
		ADDED from src\main\AndroidManifest.xml:89:22-70
uses-permission#android.permission.ACCESS_COARSE_UPDATES
ADDED from src\main\AndroidManifest.xml:95:5-80
	android:name
		ADDED from src\main\AndroidManifest.xml:95:22-77
uses-permission#android.permission.ACCESS_LOCATION_EXTRA_COMMANDS
ADDED from src\main\AndroidManifest.xml:99:5-89
	android:name
		ADDED from src\main\AndroidManifest.xml:99:22-86
uses-permission#android.permission.CHANGE_NETWORK_STATE
ADDED from src\main\AndroidManifest.xml:100:5-79
	android:name
		ADDED from src\main\AndroidManifest.xml:100:22-76
application
ADDED from src\main\AndroidManifest.xml:104:5-380:19
MERGED from [ShunJianMei:ruitUtils:unspecified] AndroidManifest.xml:12:5-30:19
MERGED from [ShunJianMei:uIComp:unspecified] AndroidManifest.xml:11:5-15:19
	android:label
		ADDED from src\main\AndroidManifest.xml:109:9-41
	android:allowBackup
		ADDED from src\main\AndroidManifest.xml:107:9-35
	android:icon
		ADDED from src\main\AndroidManifest.xml:108:9-38
		REJECTED from [ShunJianMei:ruitUtils:unspecified] AndroidManifest.xml:15:9-45
	android:theme
		ADDED from src\main\AndroidManifest.xml:110:9-40
	tools:replace
		ADDED from src\main\AndroidManifest.xml:105:9-50
	android:name
		ADDED from src\main\AndroidManifest.xml:106:9-59
		REJECTED from [ShunJianMei:ruitUtils:unspecified] AndroidManifest.xml:13:9-54
activity#cc.ruit.shunjianmei.login.LoginActivity
ADDED from src\main\AndroidManifest.xml:113:9-124:20
	android:screenOrientation
		ADDED from src\main\AndroidManifest.xml:116:13-49
	android:label
		ADDED from src\main\AndroidManifest.xml:115:13-45
	android:windowSoftInputMode
		ADDED from src\main\AndroidManifest.xml:118:13-60
	android:theme
		ADDED from src\main\AndroidManifest.xml:117:13-72
	android:name
		ADDED from src\main\AndroidManifest.xml:114:13-67
intent-filter#android.intent.action.MAIN+android.intent.category.LAUNCHER
ADDED from src\main\AndroidManifest.xml:119:13-123:29
action#android.intent.action.MAIN
ADDED from src\main\AndroidManifest.xml:120:17-69
	android:name
		ADDED from src\main\AndroidManifest.xml:120:25-66
category#android.intent.category.LAUNCHER
ADDED from src\main\AndroidManifest.xml:122:17-77
	android:name
		ADDED from src\main\AndroidManifest.xml:122:27-74
activity#cc.ruit.shunjianmei.home.MainActivity
ADDED from src\main\AndroidManifest.xml:126:9-132:20
	android:screenOrientation
		ADDED from src\main\AndroidManifest.xml:130:13-49
	android:label
		ADDED from src\main\AndroidManifest.xml:128:13-45
	android:launchMode
		ADDED from src\main\AndroidManifest.xml:129:13-44
	android:theme
		ADDED from src\main\AndroidManifest.xml:131:13-72
	android:name
		ADDED from src\main\AndroidManifest.xml:127:13-65
activity#cc.ruit.shunjianmei.home.hairstyle.HairStyeActivity
ADDED from src\main\AndroidManifest.xml:134:9-139:20
	android:screenOrientation
		ADDED from src\main\AndroidManifest.xml:137:13-49
	android:label
		ADDED from src\main\AndroidManifest.xml:136:13-45
	android:theme
		ADDED from src\main\AndroidManifest.xml:138:13-72
	android:name
		ADDED from src\main\AndroidManifest.xml:135:13-79
activity#cc.ruit.shunjianmei.home.hairdressert.HairDresserActivity
ADDED from src\main\AndroidManifest.xml:141:9-146:20
	android:screenOrientation
		ADDED from src\main\AndroidManifest.xml:144:13-49
	android:label
		ADDED from src\main\AndroidManifest.xml:143:13-45
	android:theme
		ADDED from src\main\AndroidManifest.xml:145:13-72
	android:name
		ADDED from src\main\AndroidManifest.xml:142:13-85
activity#cc.ruit.shunjianmei.home.order.OrderActivity
ADDED from src\main\AndroidManifest.xml:148:9-152:20
	android:label
		ADDED from src\main\AndroidManifest.xml:150:13-45
	android:theme
		ADDED from src\main\AndroidManifest.xml:151:13-72
	android:name
		ADDED from src\main\AndroidManifest.xml:149:13-72
activity#cc.ruit.shunjianmei.pay.OrderPayActivity
ADDED from src\main\AndroidManifest.xml:154:9-166:20
	android:screenOrientation
		ADDED from src\main\AndroidManifest.xml:158:13-49
	android:label
		ADDED from src\main\AndroidManifest.xml:156:13-45
	android:exported
		ADDED from src\main\AndroidManifest.xml:157:13-36
	android:theme
		ADDED from src\main\AndroidManifest.xml:159:13-72
	android:name
		ADDED from src\main\AndroidManifest.xml:155:13-68
intent-filter#android.intent.action.VIEW+android.intent.category.DEFAULT
ADDED from src\main\AndroidManifest.xml:161:14-165:29
action#android.intent.action.VIEW
ADDED from src\main\AndroidManifest.xml:162:17-68
	android:name
		ADDED from src\main\AndroidManifest.xml:162:25-66
category#android.intent.category.DEFAULT
ADDED from src\main\AndroidManifest.xml:163:17-75
	android:name
		ADDED from src\main\AndroidManifest.xml:163:27-73
data
ADDED from src\main\AndroidManifest.xml:164:17-60
	android:scheme
		ADDED from src\main\AndroidManifest.xml:164:23-58
activity#cc.ruit.shunjianmei.home.me.MyBalanceActivity
ADDED from src\main\AndroidManifest.xml:168:9-173:20
	android:screenOrientation
		ADDED from src\main\AndroidManifest.xml:171:13-49
	android:label
		ADDED from src\main\AndroidManifest.xml:170:13-45
	android:theme
		ADDED from src\main\AndroidManifest.xml:172:13-72
	android:name
		ADDED from src\main\AndroidManifest.xml:169:13-73
activity#cc.ruit.shunjianmei.home.me.coupon.CouponActivity
ADDED from src\main\AndroidManifest.xml:175:9-180:20
	android:screenOrientation
		ADDED from src\main\AndroidManifest.xml:178:13-49
	android:label
		ADDED from src\main\AndroidManifest.xml:177:13-45
	android:theme
		ADDED from src\main\AndroidManifest.xml:179:13-72
	android:name
		ADDED from src\main\AndroidManifest.xml:176:13-77
activity#cc.ruit.shunjianmei.home.collect.CollectActivity
ADDED from src\main\AndroidManifest.xml:182:9-187:20
	android:screenOrientation
		ADDED from src\main\AndroidManifest.xml:185:13-49
	android:label
		ADDED from src\main\AndroidManifest.xml:184:13-45
	android:theme
		ADDED from src\main\AndroidManifest.xml:186:13-72
	android:name
		ADDED from src\main\AndroidManifest.xml:183:13-76
activity#cc.ruit.shunjianmei.home.me.BrowserActivity
ADDED from src\main\AndroidManifest.xml:189:9-194:20
	android:screenOrientation
		ADDED from src\main\AndroidManifest.xml:192:13-49
	android:label
		ADDED from src\main\AndroidManifest.xml:191:13-45
	android:theme
		ADDED from src\main\AndroidManifest.xml:193:13-72
	android:name
		ADDED from src\main\AndroidManifest.xml:190:13-71
activity#cc.ruit.shunjianmei.reserve.ReserveActivity
ADDED from src\main\AndroidManifest.xml:196:9-201:20
	android:screenOrientation
		ADDED from src\main\AndroidManifest.xml:199:13-49
	android:label
		ADDED from src\main\AndroidManifest.xml:198:13-45
	android:theme
		ADDED from src\main\AndroidManifest.xml:200:13-72
	android:name
		ADDED from src\main\AndroidManifest.xml:197:13-71
activity#cc.ruit.shunjianmei.login.MeEditActivity
ADDED from src\main\AndroidManifest.xml:203:9-208:20
	android:screenOrientation
		ADDED from src\main\AndroidManifest.xml:206:13-49
	android:label
		ADDED from src\main\AndroidManifest.xml:205:13-45
	android:theme
		ADDED from src\main\AndroidManifest.xml:207:13-72
	android:name
		ADDED from src\main\AndroidManifest.xml:204:13-68
activity#cc.ruit.shunjianmei.home.store.StoreActivity
ADDED from src\main\AndroidManifest.xml:210:9-215:20
	android:screenOrientation
		ADDED from src\main\AndroidManifest.xml:213:13-49
	android:label
		ADDED from src\main\AndroidManifest.xml:212:13-45
	android:theme
		ADDED from src\main\AndroidManifest.xml:214:13-72
	android:name
		ADDED from src\main\AndroidManifest.xml:211:13-72
activity#cc.ruit.shunjianmei.home.me.feedback.FeedbackActivity
ADDED from src\main\AndroidManifest.xml:217:9-222:20
	android:screenOrientation
		ADDED from src\main\AndroidManifest.xml:220:13-49
	android:label
		ADDED from src\main\AndroidManifest.xml:219:13-45
	android:theme
		ADDED from src\main\AndroidManifest.xml:221:13-72
	android:name
		ADDED from src\main\AndroidManifest.xml:218:13-81
activity#cc.ruit.shunjianmei.util.ForLargeImageActivity
ADDED from src\main\AndroidManifest.xml:224:9-229:20
	android:screenOrientation
		ADDED from src\main\AndroidManifest.xml:227:13-49
	android:label
		ADDED from src\main\AndroidManifest.xml:226:13-45
	android:theme
		ADDED from src\main\AndroidManifest.xml:228:13-72
	android:name
		ADDED from src\main\AndroidManifest.xml:225:13-74
activity#cc.ruit.shunjianmei.baidumap.LocationActivity
ADDED from src\main\AndroidManifest.xml:231:9-236:20
	android:screenOrientation
		ADDED from src\main\AndroidManifest.xml:234:13-49
	android:label
		ADDED from src\main\AndroidManifest.xml:233:13-45
	android:theme
		ADDED from src\main\AndroidManifest.xml:235:13-72
	android:name
		ADDED from src\main\AndroidManifest.xml:232:13-73
activity#com.mob.tools.MobUIShell
ADDED from src\main\AndroidManifest.xml:240:9-253:20
	android:screenOrientation
		ADDED from src\main\AndroidManifest.xml:243:13-49
	android:windowSoftInputMode
		ADDED from src\main\AndroidManifest.xml:245:13-67
	android:configChanges
		ADDED from src\main\AndroidManifest.xml:242:13-74
	android:theme
		ADDED from src\main\AndroidManifest.xml:244:13-72
	android:name
		ADDED from src\main\AndroidManifest.xml:241:13-52
intent-filter#android.intent.action.VIEW+android.intent.category.BROWSABLE+android.intent.category.DEFAULT
ADDED from src\main\AndroidManifest.xml:246:13-252:29
category#android.intent.category.BROWSABLE
ADDED from src\main\AndroidManifest.xml:250:17-78
	android:name
		ADDED from src\main\AndroidManifest.xml:250:27-75
activity#cc.ruit.shunjianmei.wxapi.WXEntryActivity
ADDED from src\main\AndroidManifest.xml:255:9-260:75
	android:screenOrientation
		ADDED from src\main\AndroidManifest.xml:259:13-49
	android:exported
		ADDED from src\main\AndroidManifest.xml:258:13-36
	android:configChanges
		ADDED from src\main\AndroidManifest.xml:257:13-74
	android:theme
		ADDED from src\main\AndroidManifest.xml:260:13-72
	android:name
		ADDED from src\main\AndroidManifest.xml:256:13-69
receiver#net.sourceforge.simcpux.AppRegister
ADDED from src\main\AndroidManifest.xml:263:9-267:20
	android:name
		ADDED from src\main\AndroidManifest.xml:263:19-69
intent-filter#com.tencent.mm.plugin.openapi.Intent.ACTION_REFRESH_WXAPP
ADDED from src\main\AndroidManifest.xml:264:13-266:29
action#com.tencent.mm.plugin.openapi.Intent.ACTION_REFRESH_WXAPP
ADDED from src\main\AndroidManifest.xml:265:17-100
	android:name
		ADDED from src\main\AndroidManifest.xml:265:25-97
activity#cc.ruit.shunjianmei.wxapi.WXPayEntryActivity
ADDED from src\main\AndroidManifest.xml:268:9-272:20
	android:name
		ADDED from src\main\AndroidManifest.xml:268:19-78
activity#com.alipay.sdk.app.H5PayActivity
ADDED from src\main\AndroidManifest.xml:275:9-280:20
	android:screenOrientation
		ADDED from src\main\AndroidManifest.xml:279:13-47
	android:exported
		ADDED from src\main\AndroidManifest.xml:278:13-37
	android:configChanges
		ADDED from src\main\AndroidManifest.xml:277:13-74
	android:name
		ADDED from src\main\AndroidManifest.xml:276:13-60
activity#com.alipay.sdk.auth.AuthActivity
ADDED from src\main\AndroidManifest.xml:281:9-286:20
	android:screenOrientation
		ADDED from src\main\AndroidManifest.xml:285:13-47
	android:exported
		ADDED from src\main\AndroidManifest.xml:284:13-37
	android:configChanges
		ADDED from src\main\AndroidManifest.xml:283:13-74
	android:name
		ADDED from src\main\AndroidManifest.xml:282:13-60
activity#cn.jpush.android.ui.PushActivity
ADDED from src\main\AndroidManifest.xml:291:9-301:20
	android:configChanges
		ADDED from src\main\AndroidManifest.xml:293:13-63
	android:theme
		ADDED from src\main\AndroidManifest.xml:294:13-72
	android:name
		ADDED from src\main\AndroidManifest.xml:292:13-60
intent-filter#android.intent.category.DEFAULT+cc.ruit.shunjianmei+cn.jpush.android.ui.PushActivity
ADDED from src\main\AndroidManifest.xml:295:13-300:29
action#cn.jpush.android.ui.PushActivity
ADDED from src\main\AndroidManifest.xml:296:17-75
	android:name
		ADDED from src\main\AndroidManifest.xml:296:25-72
category#cc.ruit.shunjianmei
ADDED from src\main\AndroidManifest.xml:299:17-64
	android:name
		ADDED from src\main\AndroidManifest.xml:299:27-61
service#cn.jpush.android.service.DownloadService
ADDED from src\main\AndroidManifest.xml:302:9-306:19
	android:enabled
		ADDED from src\main\AndroidManifest.xml:304:13-35
	android:exported
		ADDED from src\main\AndroidManifest.xml:305:13-37
	android:name
		ADDED from src\main\AndroidManifest.xml:303:13-68
service#cn.jpush.android.service.PushService
ADDED from src\main\AndroidManifest.xml:307:9-317:19
	android:enabled
		ADDED from src\main\AndroidManifest.xml:309:13-35
	android:exported
		ADDED from src\main\AndroidManifest.xml:310:13-37
	android:name
		ADDED from src\main\AndroidManifest.xml:308:13-64
intent-filter#cn.jpush.android.intent.PUSH_TIME+cn.jpush.android.intent.PushService+cn.jpush.android.intent.REGISTER+cn.jpush.android.intent.REPORT
ADDED from src\main\AndroidManifest.xml:311:13-316:29
action#cn.jpush.android.intent.REGISTER
ADDED from src\main\AndroidManifest.xml:312:17-75
	android:name
		ADDED from src\main\AndroidManifest.xml:312:25-72
action#cn.jpush.android.intent.REPORT
ADDED from src\main\AndroidManifest.xml:313:17-73
	android:name
		ADDED from src\main\AndroidManifest.xml:313:25-70
action#cn.jpush.android.intent.PushService
ADDED from src\main\AndroidManifest.xml:314:17-78
	android:name
		ADDED from src\main\AndroidManifest.xml:314:25-75
action#cn.jpush.android.intent.PUSH_TIME
ADDED from src\main\AndroidManifest.xml:315:17-76
	android:name
		ADDED from src\main\AndroidManifest.xml:315:25-73
receiver#cn.jpush.android.service.PushReceiver
ADDED from src\main\AndroidManifest.xml:318:9-336:20
	android:enabled
		ADDED from src\main\AndroidManifest.xml:320:13-35
	android:name
		ADDED from src\main\AndroidManifest.xml:319:13-65
intent-filter#cc.ruit.shunjianmei+cn.jpush.android.intent.NOTIFICATION_RECEIVED_PROXY
ADDED from src\main\AndroidManifest.xml:321:13-324:29
	android:priority
		ADDED from src\main\AndroidManifest.xml:321:28-51
action#cn.jpush.android.intent.NOTIFICATION_RECEIVED_PROXY
ADDED from src\main\AndroidManifest.xml:322:17-94
	android:name
		ADDED from src\main\AndroidManifest.xml:322:25-91
intent-filter#android.intent.action.USER_PRESENT+android.net.conn.CONNECTIVITY_CHANGE
ADDED from src\main\AndroidManifest.xml:325:13-328:29
action#android.intent.action.USER_PRESENT
ADDED from src\main\AndroidManifest.xml:326:17-77
	android:name
		ADDED from src\main\AndroidManifest.xml:326:25-74
action#android.net.conn.CONNECTIVITY_CHANGE
ADDED from src\main\AndroidManifest.xml:327:17-79
	android:name
		ADDED from src\main\AndroidManifest.xml:327:25-76
intent-filter#android.intent.action.PACKAGE_ADDED+android.intent.action.PACKAGE_REMOVED
ADDED from src\main\AndroidManifest.xml:330:13-335:29
action#android.intent.action.PACKAGE_ADDED
ADDED from src\main\AndroidManifest.xml:331:17-78
	android:name
		ADDED from src\main\AndroidManifest.xml:331:25-75
action#android.intent.action.PACKAGE_REMOVED
ADDED from src\main\AndroidManifest.xml:332:17-80
	android:name
		ADDED from src\main\AndroidManifest.xml:332:25-77
receiver#cn.jpush.android.service.AlarmReceiver
ADDED from src\main\AndroidManifest.xml:337:9-75
	android:name
		ADDED from src\main\AndroidManifest.xml:337:19-72
receiver#cc.ruit.shunjianmei.jpush.JPushReceiver
ADDED from src\main\AndroidManifest.xml:339:9-351:20
	android:enabled
		ADDED from src\main\AndroidManifest.xml:341:13-35
	android:name
		ADDED from src\main\AndroidManifest.xml:340:13-67
intent-filter#cc.ruit.shunjianmei+cn.jpush.android.intent.CONNECTION+cn.jpush.android.intent.MESSAGE_RECEIVED+cn.jpush.android.intent.NOTIFICATION_OPENED+cn.jpush.android.intent.NOTIFICATION_RECEIVED+cn.jpush.android.intent.REGISTRATION+cn.jpush.android.intent.UNREGISTRATION
ADDED from src\main\AndroidManifest.xml:342:13-350:29
action#cn.jpush.android.intent.REGISTRATION
ADDED from src\main\AndroidManifest.xml:343:17-79
	android:name
		ADDED from src\main\AndroidManifest.xml:343:25-76
action#cn.jpush.android.intent.UNREGISTRATION
ADDED from src\main\AndroidManifest.xml:344:17-81
	android:name
		ADDED from src\main\AndroidManifest.xml:344:25-78
action#cn.jpush.android.intent.MESSAGE_RECEIVED
ADDED from src\main\AndroidManifest.xml:345:17-83
	android:name
		ADDED from src\main\AndroidManifest.xml:345:25-80
action#cn.jpush.android.intent.NOTIFICATION_RECEIVED
ADDED from src\main\AndroidManifest.xml:346:17-88
	android:name
		ADDED from src\main\AndroidManifest.xml:346:25-85
action#cn.jpush.android.intent.NOTIFICATION_OPENED
ADDED from src\main\AndroidManifest.xml:347:17-86
	android:name
		ADDED from src\main\AndroidManifest.xml:347:25-83
action#cn.jpush.android.intent.CONNECTION
ADDED from src\main\AndroidManifest.xml:348:17-77
	android:name
		ADDED from src\main\AndroidManifest.xml:348:25-74
meta-data#JPUSH_CHANNEL
ADDED from src\main\AndroidManifest.xml:352:9-354:40
	android:value
		ADDED from src\main\AndroidManifest.xml:354:13-37
	android:name
		ADDED from src\main\AndroidManifest.xml:353:13-41
meta-data#JPUSH_APPKEY
ADDED from src\main\AndroidManifest.xml:356:9-358:56
	android:value
		ADDED from src\main\AndroidManifest.xml:358:13-53
	android:name
		ADDED from src\main\AndroidManifest.xml:357:13-40
meta-data#UMENG_APPKEY
ADDED from src\main\AndroidManifest.xml:361:9-364:21
	android:value
		ADDED from src\main\AndroidManifest.xml:363:13-53
	android:name
		ADDED from src\main\AndroidManifest.xml:362:13-40
meta-data#UMENG_CHANNEL
ADDED from src\main\AndroidManifest.xml:365:9-367:40
	android:value
		ADDED from src\main\AndroidManifest.xml:367:13-37
	android:name
		ADDED from src\main\AndroidManifest.xml:366:13-41
service#com.baidu.location.f
ADDED from src\main\AndroidManifest.xml:370:9-374:19
	android:enabled
		ADDED from src\main\AndroidManifest.xml:372:13-35
	android:process
		ADDED from src\main\AndroidManifest.xml:373:13-38
	android:name
		ADDED from src\main\AndroidManifest.xml:371:13-48
meta-data#com.baidu.lbsapi.API_KEY
ADDED from src\main\AndroidManifest.xml:377:9-379:56
	android:value
		ADDED from src\main\AndroidManifest.xml:379:13-53
	android:name
		ADDED from src\main\AndroidManifest.xml:378:13-52